<?xml version="1.0" encoding="UTF-8"?>
<testsuite name="com.choihwan2.book.springboot2.web.indexControllerTest" tests="1" skipped="0" failures="0" errors="0" timestamp="2020-10-17T16:22:15" hostname="choehwan-ui-MacBook-Pro.local" time="0.313">
  <properties/>
  <testcase name="메인페이지_로딩" classname="com.choihwan2.book.springboot2.web.indexControllerTest" time="0.313"/>
  <system-out><![CDATA[2020-10-18 01:22:11.434  INFO 44642 --- [    Test worker] .b.t.c.SpringBootTestContextBootstrapper : Neither @ContextConfiguration nor @ContextHierarchy found for test class [com.choihwan2.book.springboot2.web.indexControllerTest], using SpringBootContextLoader
2020-10-18 01:22:11.436  INFO 44642 --- [    Test worker] o.s.t.c.support.AbstractContextLoader    : Could not detect default resource locations for test class [com.choihwan2.book.springboot2.web.indexControllerTest]: no resource found for suffixes {-context.xml, Context.groovy}.
2020-10-18 01:22:11.437  INFO 44642 --- [    Test worker] t.c.s.AnnotationConfigContextLoaderUtils : Could not detect default configuration classes for test class [com.choihwan2.book.springboot2.web.indexControllerTest]: indexControllerTest does not declare any static, non-private, non-final, nested classes annotated with @Configuration.
2020-10-18 01:22:11.444  INFO 44642 --- [    Test worker] .b.t.c.SpringBootTestContextBootstrapper : Found @SpringBootConfiguration com.choihwan2.book.springboot2.Application for test class com.choihwan2.book.springboot2.web.indexControllerTest
2020-10-18 01:22:11.446  INFO 44642 --- [    Test worker] .b.t.c.SpringBootTestContextBootstrapper : Loaded default TestExecutionListener class names from location [META-INF/spring.factories]: [org.springframework.security.test.context.support.WithSecurityContextTestExecutionListener, org.springframework.security.test.context.support.ReactorContextTestExecutionListener, org.springframework.boot.test.autoconfigure.restdocs.RestDocsTestExecutionListener, org.springframework.boot.test.autoconfigure.web.client.MockRestServiceServerResetTestExecutionListener, org.springframework.boot.test.autoconfigure.web.servlet.MockMvcPrintOnlyOnFailureTestExecutionListener, org.springframework.boot.test.autoconfigure.web.servlet.WebDriverTestExecutionListener, org.springframework.boot.test.mock.mockito.MockitoTestExecutionListener, org.springframework.boot.test.mock.mockito.ResetMocksTestExecutionListener, org.springframework.test.context.web.ServletTestExecutionListener, org.springframework.test.context.support.DirtiesContextBeforeModesTestExecutionListener, org.springframework.test.context.support.DependencyInjectionTestExecutionListener, org.springframework.test.context.support.DirtiesContextTestExecutionListener, org.springframework.test.context.transaction.TransactionalTestExecutionListener, org.springframework.test.context.jdbc.SqlScriptsTestExecutionListener]
2020-10-18 01:22:11.463  INFO 44642 --- [    Test worker] .b.t.c.SpringBootTestContextBootstrapper : Using TestExecutionListeners: [org.springframework.test.context.web.ServletTestExecutionListener@286948e4, org.springframework.test.context.support.DirtiesContextBeforeModesTestExecutionListener@13c855b4, org.springframework.boot.test.mock.mockito.MockitoTestExecutionListener@9f54d1a, org.springframework.boot.test.autoconfigure.SpringBootDependencyInjectionTestExecutionListener@baa0220, org.springframework.test.context.support.DirtiesContextTestExecutionListener@69e645d9, org.springframework.test.context.transaction.TransactionalTestExecutionListener@38d2d8a4, org.springframework.test.context.jdbc.SqlScriptsTestExecutionListener@1b6cdf39, org.springframework.security.test.context.support.WithSecurityContextTestExecutionListener@408c6576, org.springframework.security.test.context.support.ReactorContextTestExecutionListener@1b1f2833, org.springframework.boot.test.autoconfigure.restdocs.RestDocsTestExecutionListener@35a6c40c, org.springframework.boot.test.autoconfigure.web.client.MockRestServiceServerResetTestExecutionListener@484e5096, org.springframework.boot.test.autoconfigure.web.servlet.MockMvcPrintOnlyOnFailureTestExecutionListener@6bca3b3c, org.springframework.boot.test.autoconfigure.web.servlet.WebDriverTestExecutionListener@976c8c6, org.springframework.boot.test.mock.mockito.ResetMocksTestExecutionListener@a73eb40]

  .   ____          _            __ _ _
 /\\ / ___'_ __ _ _(_)_ __  __ _ \ \ \ \
( ( )\___ | '_ | '_| | '_ \/ _` | \ \ \ \
 \\/  ___)| |_)| | | | | || (_| |  ) ) ) )
  '  |____| .__|_| |_|_| |_\__, | / / / /
 =========|_|==============|___/=/_/_/_/
 :: Spring Boot ::        (v2.1.7.RELEASE)

2020-10-18 01:22:11.542  INFO 44642 --- [    Test worker] c.c.b.s.web.indexControllerTest          : Starting indexControllerTest on choehwan-ui-MacBook-Pro.local with PID 44642 (started by choihwan in /Users/choihwan/intelliJ-workspace)
2020-10-18 01:22:11.542  INFO 44642 --- [    Test worker] c.c.b.s.web.indexControllerTest          : The following profiles are active: oauth
2020-10-18 01:22:11.938  INFO 44642 --- [    Test worker] .s.d.r.c.RepositoryConfigurationDelegate : Bootstrapping Spring Data repositories in DEFAULT mode.
2020-10-18 01:22:11.967  INFO 44642 --- [    Test worker] .s.d.r.c.RepositoryConfigurationDelegate : Finished Spring Data repository scanning in 28ms. Found 2 repository interfaces.
2020-10-18 01:22:12.159  INFO 44642 --- [    Test worker] trationDelegate$BeanPostProcessorChecker : Bean 'org.springframework.transaction.annotation.ProxyTransactionManagementConfiguration' of type [org.springframework.transaction.annotation.ProxyTransactionManagementConfiguration$$EnhancerBySpringCGLIB$$6ccf0b6c] is not eligible for getting processed by all BeanPostProcessors (for example: not eligible for auto-proxying)
2020-10-18 01:22:12.568  INFO 44642 --- [    Test worker] o.s.b.w.embedded.tomcat.TomcatWebServer  : Tomcat initialized with port(s): 0 (http)
2020-10-18 01:22:12.643  INFO 44642 --- [    Test worker] o.apache.catalina.core.StandardService   : Starting service [Tomcat]
2020-10-18 01:22:12.644  INFO 44642 --- [    Test worker] org.apache.catalina.core.StandardEngine  : Starting Servlet engine: [Apache Tomcat/9.0.22]
2020-10-18 01:22:12.913  INFO 44642 --- [    Test worker] o.a.c.c.C.[Tomcat].[localhost].[/]       : Initializing Spring embedded WebApplicationContext
2020-10-18 01:22:12.914  INFO 44642 --- [    Test worker] o.s.web.context.ContextLoader            : Root WebApplicationContext: initialization completed in 1369 ms
2020-10-18 01:22:13.193  INFO 44642 --- [    Test worker] com.zaxxer.hikari.HikariDataSource       : HikariPool-2 - Starting...
2020-10-18 01:22:13.195  INFO 44642 --- [    Test worker] com.zaxxer.hikari.HikariDataSource       : HikariPool-2 - Start completed.
2020-10-18 01:22:13.248  INFO 44642 --- [    Test worker] o.hibernate.jpa.internal.util.LogHelper  : HHH000204: Processing PersistenceUnitInfo [
	name: default
	...]
2020-10-18 01:22:13.262  INFO 44642 --- [    Test worker] org.hibernate.dialect.Dialect            : HHH000400: Using dialect: org.hibernate.dialect.MySQL5InnoDBDialect
Hibernate: drop table if exists posts
Hibernate: drop table if exists user
Hibernate: create table posts (id bigint not null auto_increment, create_date datetime, modified_date datetime, author varchar(255), content TEXT not null, title varchar(500) not null, primary key (id)) engine=InnoDB
Hibernate: create table user (id bigint not null auto_increment, create_date datetime, modified_date datetime, email varchar(255) not null, name varchar(255) not null, picture varchar(255), role varchar(255) not null, primary key (id)) engine=InnoDB
2020-10-18 01:22:13.340  INFO 44642 --- [    Test worker] o.h.t.schema.internal.SchemaCreatorImpl  : HHH000476: Executing import script 'org.hibernate.tool.schema.internal.exec.ScriptSourceInputNonExistentImpl@2baf5507'
2020-10-18 01:22:13.341  INFO 44642 --- [    Test worker] j.LocalContainerEntityManagerFactoryBean : Initialized JPA EntityManagerFactory for persistence unit 'default'
2020-10-18 01:22:13.864  INFO 44642 --- [    Test worker] o.h.h.i.QueryTranslatorFactoryInitiator  : HHH000397: Using ASTQueryTranslatorFactory
2020-10-18 01:22:14.126  INFO 44642 --- [    Test worker] o.s.s.web.DefaultSecurityFilterChain     : Creating filter chain: any request, [org.springframework.security.web.context.request.async.WebAsyncManagerIntegrationFilter@7bebd5b4, org.springframework.security.web.context.SecurityContextPersistenceFilter@660671b0, org.springframework.security.web.header.HeaderWriterFilter@198b2e2d, org.springframework.security.web.authentication.logout.LogoutFilter@131b270e, org.springframework.security.oauth2.client.web.OAuth2AuthorizationRequestRedirectFilter@60475c71, org.springframework.security.oauth2.client.web.OAuth2LoginAuthenticationFilter@25506a45, org.springframework.security.web.authentication.ui.DefaultLoginPageGeneratingFilter@46454587, org.springframework.security.web.authentication.ui.DefaultLogoutPageGeneratingFilter@29559066, org.springframework.security.web.savedrequest.RequestCacheAwareFilter@505cdb58, org.springframework.security.web.servletapi.SecurityContextHolderAwareRequestFilter@10e66d38, org.springframework.security.web.authentication.AnonymousAuthenticationFilter@732be5e9, org.springframework.security.web.session.SessionManagementFilter@38abffc, org.springframework.security.web.access.ExceptionTranslationFilter@48bfca72, org.springframework.security.web.access.intercept.FilterSecurityInterceptor@359cee09]
2020-10-18 01:22:14.561  INFO 44642 --- [    Test worker] o.s.s.concurrent.ThreadPoolTaskExecutor  : Initializing ExecutorService 'applicationTaskExecutor'
2020-10-18 01:22:14.578  WARN 44642 --- [    Test worker] aWebConfiguration$JpaWebMvcConfiguration : spring.jpa.open-in-view is enabled by default. Therefore, database queries may be performed during view rendering. Explicitly configure spring.jpa.open-in-view to disable this warning
2020-10-18 01:22:14.621  INFO 44642 --- [    Test worker] o.s.b.a.w.s.WelcomePageHandlerMapping    : Adding welcome page template: index
2020-10-18 01:22:15.038  INFO 44642 --- [    Test worker] s.a.ScheduledAnnotationBeanPostProcessor : No TaskScheduler/ScheduledExecutorService bean found for scheduled processing
2020-10-18 01:22:15.073  INFO 44642 --- [    Test worker] o.s.b.w.embedded.tomcat.TomcatWebServer  : Tomcat started on port(s): 64564 (http) with context path ''
2020-10-18 01:22:15.075  INFO 44642 --- [    Test worker] c.c.b.s.web.indexControllerTest          : Started indexControllerTest in 3.604 seconds (JVM running for 18.032)
2020-10-18 01:22:15.225  INFO 44642 --- [o-auto-1-exec-1] o.a.c.c.C.[Tomcat].[localhost].[/]       : Initializing Spring DispatcherServlet 'dispatcherServlet'
2020-10-18 01:22:15.226  INFO 44642 --- [o-auto-1-exec-1] o.s.web.servlet.DispatcherServlet        : Initializing Servlet 'dispatcherServlet'
2020-10-18 01:22:15.268  INFO 44642 --- [o-auto-1-exec-1] o.s.web.servlet.DispatcherServlet        : Completed initialization in 42 ms
Hibernate: select posts0_.id as id1_0_, posts0_.create_date as create_d2_0_, posts0_.modified_date as modified3_0_, posts0_.author as author4_0_, posts0_.content as content5_0_, posts0_.title as title6_0_ from posts posts0_ order by posts0_.id DESC
]]></system-out>
  <system-err><![CDATA[]]></system-err>
</testsuite>
