<?xml version="1.0" encoding="UTF-8"?>
<testsuite name="com.choihwan2.book.springboot2.web.indexControllerTest" tests="1" skipped="0" failures="0" errors="0" timestamp="2020-07-18T14:05:02" hostname="choehwan-ui-MacBook-Pro.local" time="0.59">
  <properties/>
  <testcase name="메인페이지_로딩" classname="com.choihwan2.book.springboot2.web.indexControllerTest" time="0.59"/>
  <system-out><![CDATA[23:04:53.558 [Test worker] DEBUG org.springframework.test.context.junit4.SpringJUnit4ClassRunner - SpringJUnit4ClassRunner constructor called with [class com.choihwan2.book.springboot2.web.indexControllerTest]
23:04:53.589 [Test worker] DEBUG org.springframework.test.context.BootstrapUtils - Instantiating CacheAwareContextLoaderDelegate from class [org.springframework.test.context.cache.DefaultCacheAwareContextLoaderDelegate]
23:04:53.631 [Test worker] DEBUG org.springframework.test.context.BootstrapUtils - Instantiating BootstrapContext using constructor [public org.springframework.test.context.support.DefaultBootstrapContext(java.lang.Class,org.springframework.test.context.CacheAwareContextLoaderDelegate)]
23:04:53.665 [Test worker] DEBUG org.springframework.test.context.BootstrapUtils - Instantiating TestContextBootstrapper for test class [com.choihwan2.book.springboot2.web.indexControllerTest] from class [org.springframework.boot.test.context.SpringBootTestContextBootstrapper]
23:04:53.716 [Test worker] INFO org.springframework.boot.test.context.SpringBootTestContextBootstrapper - Neither @ContextConfiguration nor @ContextHierarchy found for test class [com.choihwan2.book.springboot2.web.indexControllerTest], using SpringBootContextLoader
23:04:53.725 [Test worker] DEBUG org.springframework.test.context.support.AbstractContextLoader - Did not detect default resource location for test class [com.choihwan2.book.springboot2.web.indexControllerTest]: class path resource [com/choihwan2/book/springboot2/web/indexControllerTest-context.xml] does not exist
23:04:53.726 [Test worker] DEBUG org.springframework.test.context.support.AbstractContextLoader - Did not detect default resource location for test class [com.choihwan2.book.springboot2.web.indexControllerTest]: class path resource [com/choihwan2/book/springboot2/web/indexControllerTestContext.groovy] does not exist
23:04:53.727 [Test worker] INFO org.springframework.test.context.support.AbstractContextLoader - Could not detect default resource locations for test class [com.choihwan2.book.springboot2.web.indexControllerTest]: no resource found for suffixes {-context.xml, Context.groovy}.
23:04:53.729 [Test worker] INFO org.springframework.test.context.support.AnnotationConfigContextLoaderUtils - Could not detect default configuration classes for test class [com.choihwan2.book.springboot2.web.indexControllerTest]: indexControllerTest does not declare any static, non-private, non-final, nested classes annotated with @Configuration.
23:04:53.869 [Test worker] DEBUG org.springframework.test.context.support.ActiveProfilesUtils - Could not find an 'annotation declaring class' for annotation type [org.springframework.test.context.ActiveProfiles] and class [com.choihwan2.book.springboot2.web.indexControllerTest]
23:04:54.033 [Test worker] DEBUG org.springframework.context.annotation.ClassPathScanningCandidateComponentProvider - Identified candidate component class: file [/Users/choihwan/intelliJ-workspace/build/classes/java/main/com/choihwan2/book/springboot2/Application.class]
23:04:54.035 [Test worker] INFO org.springframework.boot.test.context.SpringBootTestContextBootstrapper - Found @SpringBootConfiguration com.choihwan2.book.springboot2.Application for test class com.choihwan2.book.springboot2.web.indexControllerTest
23:04:54.358 [Test worker] DEBUG org.springframework.boot.test.context.SpringBootTestContextBootstrapper - @TestExecutionListeners is not present for class [com.choihwan2.book.springboot2.web.indexControllerTest]: using defaults.
23:04:54.359 [Test worker] INFO org.springframework.boot.test.context.SpringBootTestContextBootstrapper - Loaded default TestExecutionListener class names from location [META-INF/spring.factories]: [org.springframework.boot.test.autoconfigure.restdocs.RestDocsTestExecutionListener, org.springframework.boot.test.autoconfigure.web.client.MockRestServiceServerResetTestExecutionListener, org.springframework.boot.test.autoconfigure.web.servlet.MockMvcPrintOnlyOnFailureTestExecutionListener, org.springframework.boot.test.autoconfigure.web.servlet.WebDriverTestExecutionListener, org.springframework.boot.test.mock.mockito.MockitoTestExecutionListener, org.springframework.boot.test.mock.mockito.ResetMocksTestExecutionListener, org.springframework.test.context.web.ServletTestExecutionListener, org.springframework.test.context.support.DirtiesContextBeforeModesTestExecutionListener, org.springframework.test.context.support.DependencyInjectionTestExecutionListener, org.springframework.test.context.support.DirtiesContextTestExecutionListener, org.springframework.test.context.transaction.TransactionalTestExecutionListener, org.springframework.test.context.jdbc.SqlScriptsTestExecutionListener]
23:04:54.386 [Test worker] INFO org.springframework.boot.test.context.SpringBootTestContextBootstrapper - Using TestExecutionListeners: [org.springframework.test.context.web.ServletTestExecutionListener@47e997e6, org.springframework.test.context.support.DirtiesContextBeforeModesTestExecutionListener@5e4cc2df, org.springframework.boot.test.mock.mockito.MockitoTestExecutionListener@751499fb, org.springframework.boot.test.autoconfigure.SpringBootDependencyInjectionTestExecutionListener@28f213a0, org.springframework.test.context.support.DirtiesContextTestExecutionListener@232fe7ff, org.springframework.test.context.transaction.TransactionalTestExecutionListener@1bcd937f, org.springframework.test.context.jdbc.SqlScriptsTestExecutionListener@4a470abc, org.springframework.boot.test.autoconfigure.restdocs.RestDocsTestExecutionListener@72907f47, org.springframework.boot.test.autoconfigure.web.client.MockRestServiceServerResetTestExecutionListener@2e5c6ef5, org.springframework.boot.test.autoconfigure.web.servlet.MockMvcPrintOnlyOnFailureTestExecutionListener@597d562a, org.springframework.boot.test.autoconfigure.web.servlet.WebDriverTestExecutionListener@2b1da553, org.springframework.boot.test.mock.mockito.ResetMocksTestExecutionListener@5a068d30]
23:04:54.391 [Test worker] DEBUG org.springframework.test.annotation.ProfileValueUtils - Retrieved @ProfileValueSourceConfiguration [null] for test class [com.choihwan2.book.springboot2.web.indexControllerTest]
23:04:54.391 [Test worker] DEBUG org.springframework.test.annotation.ProfileValueUtils - Retrieved ProfileValueSource type [class org.springframework.test.annotation.SystemProfileValueSource] for class [com.choihwan2.book.springboot2.web.indexControllerTest]
23:04:54.396 [Test worker] DEBUG org.springframework.test.annotation.ProfileValueUtils - Retrieved @ProfileValueSourceConfiguration [null] for test class [com.choihwan2.book.springboot2.web.indexControllerTest]
23:04:54.397 [Test worker] DEBUG org.springframework.test.annotation.ProfileValueUtils - Retrieved ProfileValueSource type [class org.springframework.test.annotation.SystemProfileValueSource] for class [com.choihwan2.book.springboot2.web.indexControllerTest]
23:04:54.398 [Test worker] DEBUG org.springframework.test.annotation.ProfileValueUtils - Retrieved @ProfileValueSourceConfiguration [null] for test class [com.choihwan2.book.springboot2.web.indexControllerTest]
23:04:54.398 [Test worker] DEBUG org.springframework.test.annotation.ProfileValueUtils - Retrieved ProfileValueSource type [class org.springframework.test.annotation.SystemProfileValueSource] for class [com.choihwan2.book.springboot2.web.indexControllerTest]
23:04:54.407 [Test worker] DEBUG org.springframework.test.context.support.AbstractDirtiesContextTestExecutionListener - Before test class: context [DefaultTestContext@13e40273 testClass = indexControllerTest, testInstance = [null], testMethod = [null], testException = [null], mergedContextConfiguration = [WebMergedContextConfiguration@53454f3a testClass = indexControllerTest, locations = '{}', classes = '{class com.choihwan2.book.springboot2.Application}', contextInitializerClasses = '[]', activeProfiles = '{}', propertySourceLocations = '{}', propertySourceProperties = '{org.springframework.boot.test.context.SpringBootTestContextBootstrapper=true, server.port=0}', contextCustomizers = set[org.springframework.boot.test.autoconfigure.properties.PropertyMappingContextCustomizer@0, org.springframework.boot.test.autoconfigure.web.servlet.WebDriverContextCustomizerFactory$Customizer@d024289, org.springframework.boot.test.context.filter.ExcludeFilterContextCustomizer@3fc3aa5d, org.springframework.boot.test.json.DuplicateJsonObjectContextCustomizerFactory$DuplicateJsonObjectContextCustomizer@1d7cd616, org.springframework.boot.test.mock.mockito.MockitoContextCustomizer@0, org.springframework.boot.test.web.client.TestRestTemplateContextCustomizer@25f82a03], resourceBasePath = 'src/main/webapp', contextLoader = 'org.springframework.boot.test.context.SpringBootContextLoader', parent = [null]], attributes = map['org.springframework.test.context.web.ServletTestExecutionListener.activateListener' -> false]], class annotated with @DirtiesContext [false] with mode [null].
23:04:54.409 [Test worker] DEBUG org.springframework.test.annotation.ProfileValueUtils - Retrieved @ProfileValueSourceConfiguration [null] for test class [com.choihwan2.book.springboot2.web.indexControllerTest]
23:04:54.413 [Test worker] DEBUG org.springframework.test.annotation.ProfileValueUtils - Retrieved ProfileValueSource type [class org.springframework.test.annotation.SystemProfileValueSource] for class [com.choihwan2.book.springboot2.web.indexControllerTest]
23:04:54.420 [Test worker] DEBUG org.springframework.test.context.support.DependencyInjectionTestExecutionListener - Performing dependency injection for test context [[DefaultTestContext@13e40273 testClass = indexControllerTest, testInstance = com.choihwan2.book.springboot2.web.indexControllerTest@55cea086, testMethod = [null], testException = [null], mergedContextConfiguration = [WebMergedContextConfiguration@53454f3a testClass = indexControllerTest, locations = '{}', classes = '{class com.choihwan2.book.springboot2.Application}', contextInitializerClasses = '[]', activeProfiles = '{}', propertySourceLocations = '{}', propertySourceProperties = '{org.springframework.boot.test.context.SpringBootTestContextBootstrapper=true, server.port=0}', contextCustomizers = set[org.springframework.boot.test.autoconfigure.properties.PropertyMappingContextCustomizer@0, org.springframework.boot.test.autoconfigure.web.servlet.WebDriverContextCustomizerFactory$Customizer@d024289, org.springframework.boot.test.context.filter.ExcludeFilterContextCustomizer@3fc3aa5d, org.springframework.boot.test.json.DuplicateJsonObjectContextCustomizerFactory$DuplicateJsonObjectContextCustomizer@1d7cd616, org.springframework.boot.test.mock.mockito.MockitoContextCustomizer@0, org.springframework.boot.test.web.client.TestRestTemplateContextCustomizer@25f82a03], resourceBasePath = 'src/main/webapp', contextLoader = 'org.springframework.boot.test.context.SpringBootContextLoader', parent = [null]], attributes = map['org.springframework.test.context.web.ServletTestExecutionListener.activateListener' -> false]]].
23:04:54.470 [Test worker] DEBUG org.springframework.test.context.support.TestPropertySourceUtils - Adding inlined properties to environment: {spring.jmx.enabled=false, org.springframework.boot.test.context.SpringBootTestContextBootstrapper=true, server.port=0}

  .   ____          _            __ _ _
 /\\ / ___'_ __ _ _(_)_ __  __ _ \ \ \ \
( ( )\___ | '_ | '_| | '_ \/ _` | \ \ \ \
 \\/  ___)| |_)| | | | | || (_| |  ) ) ) )
  '  |____| .__|_| |_|_| |_\__, | / / / /
 =========|_|==============|___/=/_/_/_/
 :: Spring Boot ::        (v2.1.7.RELEASE)

2020-07-18 23:04:54.974  INFO 79299 --- [    Test worker] c.c.b.s.web.indexControllerTest          : Starting indexControllerTest on choehwan-ui-MacBook-Pro.local with PID 79299 (started by choihwan in /Users/choihwan/intelliJ-workspace)
2020-07-18 23:04:54.978  INFO 79299 --- [    Test worker] c.c.b.s.web.indexControllerTest          : No active profile set, falling back to default profiles: default
2020-07-18 23:04:56.336  INFO 79299 --- [    Test worker] .s.d.r.c.RepositoryConfigurationDelegate : Bootstrapping Spring Data repositories in DEFAULT mode.
2020-07-18 23:04:56.519  INFO 79299 --- [    Test worker] .s.d.r.c.RepositoryConfigurationDelegate : Finished Spring Data repository scanning in 140ms. Found 1 repository interfaces.
2020-07-18 23:04:57.406  INFO 79299 --- [    Test worker] trationDelegate$BeanPostProcessorChecker : Bean 'org.springframework.transaction.annotation.ProxyTransactionManagementConfiguration' of type [org.springframework.transaction.annotation.ProxyTransactionManagementConfiguration$$EnhancerBySpringCGLIB$$d5ad2cd5] is not eligible for getting processed by all BeanPostProcessors (for example: not eligible for auto-proxying)
2020-07-18 23:04:58.200  INFO 79299 --- [    Test worker] o.s.b.w.embedded.tomcat.TomcatWebServer  : Tomcat initialized with port(s): 0 (http)
2020-07-18 23:04:58.258  INFO 79299 --- [    Test worker] o.apache.catalina.core.StandardService   : Starting service [Tomcat]
2020-07-18 23:04:58.260  INFO 79299 --- [    Test worker] org.apache.catalina.core.StandardEngine  : Starting Servlet engine: [Apache Tomcat/9.0.22]
2020-07-18 23:04:58.452  INFO 79299 --- [    Test worker] o.a.c.c.C.[Tomcat].[localhost].[/]       : Initializing Spring embedded WebApplicationContext
2020-07-18 23:04:58.453  INFO 79299 --- [    Test worker] o.s.web.context.ContextLoader            : Root WebApplicationContext: initialization completed in 3432 ms
2020-07-18 23:04:58.912  INFO 79299 --- [    Test worker] com.zaxxer.hikari.HikariDataSource       : HikariPool-1 - Starting...
2020-07-18 23:04:59.246  INFO 79299 --- [    Test worker] com.zaxxer.hikari.HikariDataSource       : HikariPool-1 - Start completed.
2020-07-18 23:04:59.385  INFO 79299 --- [    Test worker] o.hibernate.jpa.internal.util.LogHelper  : HHH000204: Processing PersistenceUnitInfo [
	name: default
	...]
2020-07-18 23:04:59.513  INFO 79299 --- [    Test worker] org.hibernate.Version                    : HHH000412: Hibernate Core {5.3.10.Final}
2020-07-18 23:04:59.515  INFO 79299 --- [    Test worker] org.hibernate.cfg.Environment            : HHH000206: hibernate.properties not found
2020-07-18 23:04:59.794  INFO 79299 --- [    Test worker] o.hibernate.annotations.common.Version   : HCANN000001: Hibernate Commons Annotations {5.0.4.Final}
2020-07-18 23:05:00.098  INFO 79299 --- [    Test worker] org.hibernate.dialect.Dialect            : HHH000400: Using dialect: org.hibernate.dialect.MySQL5InnoDBDialect
Hibernate: drop table if exists posts
Hibernate: create table posts (id bigint not null auto_increment, create_date datetime, modified_date datetime, author varchar(255), content TEXT not null, title varchar(500) not null, primary key (id)) engine=InnoDB
2020-07-18 23:05:01.066  INFO 79299 --- [    Test worker] o.h.t.schema.internal.SchemaCreatorImpl  : HHH000476: Executing import script 'org.hibernate.tool.schema.internal.exec.ScriptSourceInputNonExistentImpl@ca88bd9'
2020-07-18 23:05:01.071  INFO 79299 --- [    Test worker] j.LocalContainerEntityManagerFactoryBean : Initialized JPA EntityManagerFactory for persistence unit 'default'
2020-07-18 23:05:02.277  INFO 79299 --- [    Test worker] o.s.s.concurrent.ThreadPoolTaskExecutor  : Initializing ExecutorService 'applicationTaskExecutor'
2020-07-18 23:05:02.356  WARN 79299 --- [    Test worker] aWebConfiguration$JpaWebMvcConfiguration : spring.jpa.open-in-view is enabled by default. Therefore, database queries may be performed during view rendering. Explicitly configure spring.jpa.open-in-view to disable this warning
2020-07-18 23:05:02.441  INFO 79299 --- [    Test worker] o.s.b.a.w.s.WelcomePageHandlerMapping    : Adding welcome page template: index
2020-07-18 23:05:02.943  INFO 79299 --- [    Test worker] o.s.b.w.embedded.tomcat.TomcatWebServer  : Tomcat started on port(s): 52047 (http) with context path ''
2020-07-18 23:05:02.947  INFO 79299 --- [    Test worker] c.c.b.s.web.indexControllerTest          : Started indexControllerTest in 8.473 seconds (JVM running for 10.515)
2020-07-18 23:05:03.282  INFO 79299 --- [o-auto-1-exec-1] o.a.c.c.C.[Tomcat].[localhost].[/]       : Initializing Spring DispatcherServlet 'dispatcherServlet'
2020-07-18 23:05:03.282  INFO 79299 --- [o-auto-1-exec-1] o.s.web.servlet.DispatcherServlet        : Initializing Servlet 'dispatcherServlet'
2020-07-18 23:05:03.350  INFO 79299 --- [o-auto-1-exec-1] o.s.web.servlet.DispatcherServlet        : Completed initialization in 68 ms
]]></system-out>
  <system-err><![CDATA[]]></system-err>
</testsuite>
